{
  "stats": {
    "suites": 1,
    "tests": 4,
    "passes": 4,
    "pending": 0,
    "failures": 0,
    "start": "2024-04-17T15:43:59.301Z",
    "end": "2024-04-17T15:44:03.654Z",
    "duration": 4353,
    "testsRegistered": 4,
    "passPercent": 100,
    "pendingPercent": 0,
    "other": 0,
    "hasOther": false,
    "skipped": 0,
    "hasSkipped": false
  },
  "results": [
    {
      "uuid": "0ed349b4-cd6f-447c-8a55-4a3934376552",
      "title": "",
      "fullFile": "cypress/e2e/Interview/Interview.cy.js",
      "file": "cypress/e2e/Interview/Interview.cy.js",
      "beforeHooks": [],
      "afterHooks": [],
      "tests": [],
      "suites": [
        {
          "uuid": "f374f18e-2583-4c84-9c79-65eb0e906cae",
          "title": "Authentication scenerio",
          "fullFile": "",
          "file": "",
          "beforeHooks": [],
          "afterHooks": [],
          "tests": [
            {
              "title": "validate sign up with google button is visible and not disabled",
              "fullTitle": "Authentication scenerio validate sign up with google button is visible and not disabled",
              "timedOut": null,
              "duration": 370,
              "state": "passed",
              "speed": "fast",
              "pass": true,
              "fail": false,
              "pending": false,
              "context": null,
              "code": "// Find the \"Sign Up with Google\" button element by its selector\ncy.get(\".css-5kt1vw > .chakra-button\").should(\"be.visible\").and(\"not.be.disabled\");\n// Click the \"Sign Up with Google\" button\ncy.get(\".css-5kt1vw > .chakra-button\").click();\n// Check if the pop-up is visible\n// cy.get('.google-signup-popup').should('be.visible')",
              "err": {},
              "uuid": "54282771-86e4-458f-bc32-c5aa8d6084b4",
              "parentUUID": "f374f18e-2583-4c84-9c79-65eb0e906cae",
              "isHook": false,
              "skipped": false
            },
            {
              "title": "validate log in button is visible and not disabled",
              "fullTitle": "Authentication scenerio validate log in button is visible and not disabled",
              "timedOut": null,
              "duration": 183,
              "state": "passed",
              "speed": "fast",
              "pass": true,
              "fail": false,
              "pending": false,
              "context": null,
              "code": "cy.get(\".chakra-link\").should(\"be.visible\").and(\"not.be.disabled\");\ncy.get(\".chakra-link\").click();",
              "err": {},
              "uuid": "f7c0909e-d379-4d04-985d-be4fd9b02f2a",
              "parentUUID": "f374f18e-2583-4c84-9c79-65eb0e906cae",
              "isHook": false,
              "skipped": false
            },
            {
              "title": "validate create account button is active and not disabled",
              "fullTitle": "Authentication scenerio validate create account button is active and not disabled",
              "timedOut": null,
              "duration": 1605,
              "state": "passed",
              "speed": "fast",
              "pass": true,
              "fail": false,
              "pending": false,
              "context": null,
              "code": "cy.get(\"@userData\").then(userData => {\n  cy.get(\"#firstName\").type(userData.firstname);\n  cy.get(\"#lastName\").type(userData.lastname);\n  cy.get(\"#email\").type(userData.email);\n  cy.get(\":nth-child(3) > .chakra-input__group > #password\").type(userData.password);\n  cy.get(\":nth-child(5) > .chakra-input__group > #password\").type(userData.confirm_password);\n});\ncy.get(\".css-1lggxi8 > .chakra-button\").should(\"be.visible\").and(\"not.be.disabled\");\ncy.get(\".css-1lggxi8 > .chakra-button\").click();",
              "err": {},
              "uuid": "3bd6a1b1-fcf1-49ae-bf63-8f5afdfd61a0",
              "parentUUID": "f374f18e-2583-4c84-9c79-65eb0e906cae",
              "isHook": false,
              "skipped": false
            },
            {
              "title": "Ensure email field accept valid email addresses",
              "fullTitle": "Authentication scenerio Ensure email field accept valid email addresses",
              "timedOut": null,
              "duration": 1282,
              "state": "passed",
              "speed": "fast",
              "pass": true,
              "fail": false,
              "pending": false,
              "context": null,
              "code": "// Iterate through each valid email address\nvalidEmailAddress.forEach(email => {\n  // Type the email address into the email field\n  cy.get(\"#email\").type(email);\n  // Verify if the email field contains the expected value using regex pattern\n  cy.get(\"#email\").invoke(\"val\").should(\"match\", /^\\w+([\\.-]?\\w+)*@\\w+([\\.-]?\\w+)*(\\.\\w{2,3})+$/);\n  // Clear the email field for the next iteration\n  cy.get(\"#email\").clear();\n});",
              "err": {},
              "uuid": "af989782-cb9a-47f3-8e9f-f260475a0737",
              "parentUUID": "f374f18e-2583-4c84-9c79-65eb0e906cae",
              "isHook": false,
              "skipped": false
            }
          ],
          "suites": [],
          "passes": [
            "54282771-86e4-458f-bc32-c5aa8d6084b4",
            "f7c0909e-d379-4d04-985d-be4fd9b02f2a",
            "3bd6a1b1-fcf1-49ae-bf63-8f5afdfd61a0",
            "af989782-cb9a-47f3-8e9f-f260475a0737"
          ],
          "failures": [],
          "pending": [],
          "skipped": [],
          "duration": 3440,
          "root": false,
          "rootEmpty": false,
          "_timeout": 2000
        }
      ],
      "passes": [],
      "failures": [],
      "pending": [],
      "skipped": [],
      "duration": 0,
      "root": true,
      "rootEmpty": true,
      "_timeout": 2000
    }
  ],
  "meta": {
    "mocha": {
      "version": "7.0.1"
    },
    "mochawesome": {
      "options": {
        "quiet": false,
        "reportFilename": "mochawesome",
        "saveHtml": false,
        "saveJson": true,
        "consoleReporter": "spec",
        "useInlineDiffs": false,
        "code": true
      },
      "version": "7.1.3"
    },
    "marge": {
      "options": {
        "reportDir": "cypress/results",
        "overwrite": false,
        "html": false,
        "json": true
      },
      "version": "6.2.0"
    }
  }
}